<?xml version="1.0" encoding="UTF-8"?>
<coverage generated="1771579176591" clover="3.2.0">
  <project timestamp="1771579176591" name="All files">
    <metrics statements="83" coveredstatements="83" conditionals="40" coveredconditionals="40" methods="21" coveredmethods="21" elements="144" coveredelements="144" complexity="0" loc="83" ncloc="83" packages="1" files="3" classes="3"/>
    <file name="app.component.html" path="C:\Users\ajime\Documents\Workspace\clasificator-angular-nlp\src\app\app.component.html">
      <metrics statements="26" coveredstatements="26" conditionals="10" coveredconditionals="10" methods="3" coveredmethods="3"/>
      <line num="1" count="19" type="stmt"/>
      <line num="3" count="19" type="stmt"/>
      <line num="5" count="19" type="stmt"/>
      <line num="7" count="19" type="stmt"/>
      <line num="9" count="19" type="stmt"/>
      <line num="11" count="12" type="cond" truecount="2" falsecount="0"/>
      <line num="12" count="3" type="stmt"/>
      <line num="13" count="6" type="cond" truecount="2" falsecount="0"/>
      <line num="14" count="1" type="stmt"/>
      <line num="15" count="1" type="stmt"/>
      <line num="16" count="1" type="stmt"/>
      <line num="18" count="6" type="cond" truecount="2" falsecount="0"/>
      <line num="19" count="1" type="stmt"/>
      <line num="20" count="1" type="stmt"/>
      <line num="21" count="1" type="stmt"/>
      <line num="23" count="6" type="cond" truecount="2" falsecount="0"/>
      <line num="24" count="1" type="stmt"/>
      <line num="25" count="1" type="stmt"/>
      <line num="26" count="1" type="stmt"/>
      <line num="28" count="3" type="stmt"/>
      <line num="30" count="12" type="cond" truecount="2" falsecount="0"/>
      <line num="31" count="3" type="stmt"/>
      <line num="33" count="6" type="stmt"/>
      <line num="35" count="3" type="stmt"/>
      <line num="36" count="6" type="stmt"/>
      <line num="40" count="19" type="stmt"/>
    </file>
    <file name="app.component.ts" path="C:\Users\ajime\Documents\Workspace\clasificator-angular-nlp\src\app\app.component.ts">
      <metrics statements="51" coveredstatements="51" conditionals="25" coveredconditionals="25" methods="14" coveredmethods="14"/>
      <line num="1" count="1" type="stmt"/>
      <line num="10" count="31" type="cond" truecount="10" falsecount="0"/>
      <line num="11" count="19" type="stmt"/>
      <line num="12" count="19" type="stmt"/>
      <line num="13" count="19" type="stmt"/>
      <line num="14" count="19" type="stmt"/>
      <line num="15" count="19" type="stmt"/>
      <line num="17" count="19" type="stmt"/>
      <line num="18" count="19" type="stmt"/>
      <line num="19" count="19" type="stmt"/>
      <line num="22" count="19" type="stmt"/>
      <line num="25" count="19" type="stmt"/>
      <line num="27" count="18" type="stmt"/>
      <line num="30" count="1" type="stmt"/>
      <line num="35" count="19" type="stmt"/>
      <line num="37" count="18" type="stmt"/>
      <line num="40" count="1" type="stmt"/>
      <line num="45" count="19" type="stmt"/>
      <line num="47" count="18" type="stmt"/>
      <line num="50" count="1" type="stmt"/>
      <line num="56" count="3" type="stmt"/>
      <line num="57" count="3" type="cond" truecount="2" falsecount="0"/>
      <line num="58" count="1" type="stmt"/>
      <line num="63" count="5" type="cond" truecount="5" falsecount="0"/>
      <line num="64" count="4" type="cond" truecount="2" falsecount="0"/>
      <line num="65" count="1" type="stmt"/>
      <line num="66" count="1" type="stmt"/>
      <line num="67" count="1" type="stmt"/>
      <line num="68" count="1" type="stmt"/>
      <line num="69" count="1" type="stmt"/>
      <line num="72" count="1" type="stmt"/>
      <line num="75" count="1" type="stmt"/>
      <line num="77" count="1" type="stmt"/>
      <line num="79" count="3" type="stmt"/>
      <line num="80" count="3" type="stmt"/>
      <line num="86" count="2" type="stmt"/>
      <line num="91" count="2" type="stmt"/>
      <line num="93" count="2" type="stmt"/>
      <line num="94" count="9" type="cond" truecount="2" falsecount="0"/>
      <line num="95" count="5" type="stmt"/>
      <line num="99" count="2" type="stmt"/>
      <line num="103" count="2" type="stmt"/>
      <line num="105" count="2" type="stmt"/>
      <line num="106" count="7" type="cond" truecount="2" falsecount="0"/>
      <line num="107" count="4" type="stmt"/>
      <line num="111" count="2" type="stmt"/>
      <line num="115" count="2" type="stmt"/>
      <line num="117" count="2" type="stmt"/>
      <line num="118" count="7" type="cond" truecount="2" falsecount="0"/>
      <line num="119" count="3" type="stmt"/>
      <line num="123" count="2" type="stmt"/>
    </file>
    <file name="resources.service.ts" path="C:\Users\ajime\Documents\Workspace\clasificator-angular-nlp\src\app\resources.service.ts">
      <metrics statements="6" coveredstatements="6" conditionals="5" coveredconditionals="5" methods="4" coveredmethods="4"/>
      <line num="1" count="2" type="stmt"/>
      <line num="8" count="3" type="cond" truecount="5" falsecount="0"/>
      <line num="10" count="3" type="stmt"/>
      <line num="13" count="1" type="stmt"/>
      <line num="17" count="1" type="stmt"/>
      <line num="21" count="1" type="stmt"/>
    </file>
  </project>
</coverage>
