{"C:\\Users\\ajime\\Documents\\Workspace\\clasificator-angular-nlp\\src\\app\\app.component.html": {"path":"C:\\Users\\ajime\\Documents\\Workspace\\clasificator-angular-nlp\\src\\app\\app.component.html","statementMap":{"0":{"start":{"line":14,"column":12},"end":{"line":14,"column":null}},"1":{"start":{"line":15,"column":14},"end":{"line":15,"column":null}},"2":{"start":{"line":16,"column":12},"end":{"line":16,"column":null}},"3":{"start":{"line":19,"column":12},"end":{"line":19,"column":null}},"4":{"start":{"line":20,"column":14},"end":{"line":20,"column":null}},"5":{"start":{"line":21,"column":12},"end":{"line":21,"column":null}},"6":{"start":{"line":24,"column":12},"end":{"line":24,"column":null}},"7":{"start":{"line":25,"column":14},"end":{"line":25,"column":null}},"8":{"start":{"line":26,"column":12},"end":{"line":26,"column":null}},"9":{"start":{"line":12,"column":8},"end":{"line":12,"column":null}},"10":{"start":{"line":13,"column":10},"end":{"line":13,"column":null}},"11":{"start":{"line":18,"column":10},"end":{"line":18,"column":null}},"12":{"start":{"line":23,"column":10},"end":{"line":23,"column":null}},"13":{"start":{"line":28,"column":8},"end":{"line":28,"column":null}},"14":{"start":{"line":31,"column":8},"end":{"line":32,"column":null}},"15":{"start":{"line":33,"column":18},"end":{"line":33,"column":67}},"16":{"start":{"line":33,"column":67},"end":{"line":33,"column":null}},"17":{"start":{"line":35,"column":10},"end":{"line":35,"column":null}},"18":{"start":{"line":36,"column":18},"end":{"line":36,"column":67}},"19":{"start":{"line":36,"column":67},"end":{"line":37,"column":null}},"20":{"start":{"line":1,"column":0},"end":{"line":2,"column":null}},"21":{"start":{"line":3,"column":10},"end":{"line":3,"column":42}},"22":{"start":{"line":3,"column":42},"end":{"line":3,"column":null}},"23":{"start":{"line":5,"column":2},"end":{"line":6,"column":null}},"24":{"start":{"line":7,"column":63},"end":{"line":8,"column":null}},"25":{"start":{"line":7,"column":63},"end":{"line":7,"column":106}},"26":{"start":{"line":7,"column":107},"end":{"line":8,"column":32}},"27":{"start":{"line":7,"column":6},"end":{"line":7,"column":63}},"28":{"start":{"line":9,"column":8},"end":{"line":9,"column":40}},"29":{"start":{"line":9,"column":40},"end":{"line":9,"column":62}},"30":{"start":{"line":9,"column":40},"end":{"line":9,"column":58}},"31":{"start":{"line":9,"column":8},"end":{"line":9,"column":null}},"32":{"start":{"line":11,"column":6},"end":{"line":11,"column":null}},"33":{"start":{"line":30,"column":6},"end":{"line":30,"column":null}},"34":{"start":{"line":40,"column":4},"end":{"line":40,"column":null}}},"fnMap":{"0":{"name":"AppComponent_Template_input_change_6_listener","decl":{"start":{"line":7,"column":63},"end":{"line":7,"column":73}},"loc":{"start":{"line":7,"column":63},"end":{"line":7,"column":107}},"line":7},"1":{"name":"AppComponent_Template_input_keyup_enter_6_listener","decl":{"start":{"line":7,"column":107},"end":{"line":7,"column":null}},"loc":{"start":{"line":7,"column":107},"end":{"line":8,"column":null}},"line":7},"2":{"name":"AppComponent_Template_img_click_7_listener","decl":{"start":{"line":9,"column":40},"end":{"line":9,"column":49}},"loc":{"start":{"line":9,"column":40},"end":{"line":9,"column":62}},"line":9}},"branchMap":{"0":{"loc":{"start":{"line":13,"column":10},"end":{"line":13,"column":null}},"type":"cond-expr","locations":[{"start":{"line":13,"column":10},"end":{"line":13,"column":null}},{"start":{"line":13,"column":10},"end":{"line":13,"column":null}}],"line":13},"1":{"loc":{"start":{"line":18,"column":10},"end":{"line":18,"column":null}},"type":"cond-expr","locations":[{"start":{"line":18,"column":10},"end":{"line":18,"column":null}},{"start":{"line":18,"column":10},"end":{"line":18,"column":null}}],"line":18},"2":{"loc":{"start":{"line":23,"column":10},"end":{"line":23,"column":null}},"type":"cond-expr","locations":[{"start":{"line":23,"column":10},"end":{"line":23,"column":null}},{"start":{"line":23,"column":10},"end":{"line":23,"column":null}}],"line":23},"3":{"loc":{"start":{"line":11,"column":6},"end":{"line":11,"column":null}},"type":"cond-expr","locations":[{"start":{"line":11,"column":6},"end":{"line":11,"column":null}},{"start":{"line":11,"column":6},"end":{"line":11,"column":null}}],"line":11},"4":{"loc":{"start":{"line":30,"column":6},"end":{"line":30,"column":null}},"type":"cond-expr","locations":[{"start":{"line":30,"column":6},"end":{"line":30,"column":null}},{"start":{"line":30,"column":6},"end":{"line":30,"column":null}}],"line":30}},"s":{"0":1,"1":1,"2":1,"3":1,"4":1,"5":1,"6":1,"7":1,"8":1,"9":3,"10":6,"11":6,"12":6,"13":3,"14":3,"15":6,"16":3,"17":3,"18":6,"19":3,"20":19,"21":19,"22":19,"23":19,"24":19,"25":1,"26":1,"27":19,"28":19,"29":19,"30":1,"31":19,"32":12,"33":12,"34":19},"f":{"0":1,"1":1,"2":1},"b":{"0":[2,4],"1":[2,4],"2":[2,4],"3":[6,6],"4":[6,6]},"meta":{"lastBranch":5,"lastFunction":3,"lastStatement":35,"seen":{"s:14:12:14:Infinity":0,"s:15:14:15:Infinity":1,"s:16:12:16:Infinity":2,"s:19:12:19:Infinity":3,"s:20:14:20:Infinity":4,"s:21:12:21:Infinity":5,"s:24:12:24:Infinity":6,"s:25:14:25:Infinity":7,"s:26:12:26:Infinity":8,"s:12:8:12:Infinity":9,"s:13:10:13:Infinity":10,"s:18:10:18:Infinity":11,"s:23:10:23:Infinity":12,"s:28:8:28:Infinity":13,"b:13:10:13:Infinity:13:10:13:Infinity":0,"b:18:10:18:Infinity:18:10:18:Infinity":1,"b:23:10:23:Infinity:23:10:23:Infinity":2,"s:31:8:32:Infinity":14,"s:33:18:33:67":15,"s:33:67:33:Infinity":16,"s:35:10:35:Infinity":17,"s:36:18:36:67":18,"s:36:67:37:Infinity":19,"s:1:0:2:Infinity":20,"s:3:10:3:42":21,"s:3:42:3:Infinity":22,"s:5:2:6:Infinity":23,"s:7:63:8:Infinity":24,"f:7:63:7:73":0,"s:7:63:7:106":25,"f:7:107:7:Infinity":1,"s:7:107:8:32":26,"s:7:6:7:63":27,"s:9:8:9:40":28,"s:9:40:9:62":29,"f:9:40:9:49":2,"s:9:40:9:58":30,"s:9:8:9:Infinity":31,"s:11:6:11:Infinity":32,"s:30:6:30:Infinity":33,"s:40:4:40:Infinity":34,"b:11:6:11:Infinity:11:6:11:Infinity":3,"b:30:6:30:Infinity:30:6:30:Infinity":4}}}
,"C:\\Users\\ajime\\Documents\\Workspace\\clasificator-angular-nlp\\src\\app\\app.component.ts": {"path":"C:\\Users\\ajime\\Documents\\Workspace\\clasificator-angular-nlp\\src\\app\\app.component.ts","statementMap":{"0":{"start":{"line":1,"column":0},"end":{"line":10,"column":null}},"1":{"start":{"line":10,"column":13},"end":{"line":30,"column":null}},"2":{"start":{"line":22,"column":12},"end":{"line":22,"column":46}},"3":{"start":{"line":11,"column":2},"end":{"line":11,"column":null}},"4":{"start":{"line":12,"column":2},"end":{"line":12,"column":null}},"5":{"start":{"line":13,"column":2},"end":{"line":13,"column":null}},"6":{"start":{"line":14,"column":2},"end":{"line":14,"column":null}},"7":{"start":{"line":15,"column":2},"end":{"line":15,"column":null}},"8":{"start":{"line":17,"column":2},"end":{"line":17,"column":null}},"9":{"start":{"line":18,"column":2},"end":{"line":18,"column":null}},"10":{"start":{"line":19,"column":2},"end":{"line":19,"column":null}},"11":{"start":{"line":25,"column":4},"end":{"line":31,"column":null}},"12":{"start":{"line":27,"column":8},"end":{"line":27,"column":null}},"13":{"start":{"line":30,"column":8},"end":{"line":30,"column":null}},"14":{"start":{"line":35,"column":4},"end":{"line":41,"column":null}},"15":{"start":{"line":37,"column":8},"end":{"line":37,"column":null}},"16":{"start":{"line":40,"column":8},"end":{"line":40,"column":null}},"17":{"start":{"line":45,"column":4},"end":{"line":51,"column":null}},"18":{"start":{"line":47,"column":8},"end":{"line":47,"column":null}},"19":{"start":{"line":50,"column":8},"end":{"line":50,"column":null}},"20":{"start":{"line":56,"column":4},"end":{"line":56,"column":null}},"21":{"start":{"line":57,"column":4},"end":{"line":59,"column":null}},"22":{"start":{"line":58,"column":6},"end":{"line":58,"column":null}},"23":{"start":{"line":63,"column":4},"end":{"line":82,"column":null}},"24":{"start":{"line":64,"column":6},"end":{"line":81,"column":null}},"25":{"start":{"line":65,"column":8},"end":{"line":65,"column":null}},"26":{"start":{"line":66,"column":18},"end":{"line":66,"column":null}},"27":{"start":{"line":67,"column":23},"end":{"line":67,"column":null}},"28":{"start":{"line":68,"column":8},"end":{"line":68,"column":null}},"29":{"start":{"line":69,"column":8},"end":{"line":69,"column":null}},"30":{"start":{"line":72,"column":8},"end":{"line":72,"column":null}},"31":{"start":{"line":75,"column":8},"end":{"line":75,"column":null}},"32":{"start":{"line":77,"column":8},"end":{"line":77,"column":null}},"33":{"start":{"line":79,"column":8},"end":{"line":79,"column":null}},"34":{"start":{"line":80,"column":8},"end":{"line":80,"column":null}},"35":{"start":{"line":86,"column":4},"end":{"line":86,"column":null}},"36":{"start":{"line":91,"column":16},"end":{"line":91,"column":null}},"37":{"start":{"line":93,"column":4},"end":{"line":97,"column":null}},"38":{"start":{"line":93,"column":17},"end":{"line":93,"column":20}},"39":{"start":{"line":94,"column":6},"end":{"line":96,"column":null}},"40":{"start":{"line":95,"column":8},"end":{"line":95,"column":null}},"41":{"start":{"line":99,"column":4},"end":{"line":99,"column":null}},"42":{"start":{"line":103,"column":16},"end":{"line":103,"column":null}},"43":{"start":{"line":105,"column":4},"end":{"line":109,"column":null}},"44":{"start":{"line":105,"column":17},"end":{"line":105,"column":20}},"45":{"start":{"line":106,"column":6},"end":{"line":108,"column":null}},"46":{"start":{"line":107,"column":8},"end":{"line":107,"column":null}},"47":{"start":{"line":111,"column":4},"end":{"line":111,"column":null}},"48":{"start":{"line":115,"column":16},"end":{"line":115,"column":null}},"49":{"start":{"line":117,"column":4},"end":{"line":121,"column":null}},"50":{"start":{"line":117,"column":17},"end":{"line":117,"column":20}},"51":{"start":{"line":118,"column":6},"end":{"line":120,"column":null}},"52":{"start":{"line":119,"column":8},"end":{"line":119,"column":null}},"53":{"start":{"line":123,"column":4},"end":{"line":123,"column":null}},"54":{"start":{"line":10,"column":13},"end":{"line":10,"column":null}},"55":{"start":{"line":10,"column":25},"end":{"line":40,"column":null}},"56":{"start":{"line":10,"column":13},"end":{"line":8,"column":null}}},"fnMap":{"0":{"name":"(anonymous_0)","decl":{"start":{"line":21,"column":2},"end":{"line":21,"column":null}},"loc":{"start":{"line":22,"column":46},"end":{"line":53,"column":null}},"line":22},"1":{"name":"(anonymous_1)","decl":{"start":{"line":26,"column":6},"end":{"line":26,"column":17}},"loc":{"start":{"line":26,"column":17},"end":{"line":28,"column":null}},"line":26},"2":{"name":"(anonymous_2)","decl":{"start":{"line":29,"column":6},"end":{"line":29,"column":14}},"loc":{"start":{"line":29,"column":14},"end":{"line":31,"column":7}},"line":29},"3":{"name":"(anonymous_3)","decl":{"start":{"line":36,"column":6},"end":{"line":36,"column":17}},"loc":{"start":{"line":36,"column":17},"end":{"line":38,"column":null}},"line":36},"4":{"name":"(anonymous_4)","decl":{"start":{"line":39,"column":6},"end":{"line":39,"column":14}},"loc":{"start":{"line":39,"column":14},"end":{"line":41,"column":7}},"line":39},"5":{"name":"(anonymous_5)","decl":{"start":{"line":46,"column":6},"end":{"line":46,"column":17}},"loc":{"start":{"line":46,"column":17},"end":{"line":48,"column":null}},"line":46},"6":{"name":"(anonymous_6)","decl":{"start":{"line":49,"column":6},"end":{"line":49,"column":14}},"loc":{"start":{"line":49,"column":14},"end":{"line":51,"column":7}},"line":49},"7":{"name":"(anonymous_7)","decl":{"start":{"line":55,"column":2},"end":{"line":55,"column":15}},"loc":{"start":{"line":55,"column":30},"end":{"line":60,"column":null}},"line":55},"8":{"name":"(anonymous_8)","decl":{"start":{"line":62,"column":2},"end":{"line":62,"column":9}},"loc":{"start":{"line":62,"column":9},"end":{"line":83,"column":null}},"line":62},"9":{"name":"(anonymous_9)","decl":{"start":{"line":85,"column":2},"end":{"line":85,"column":20}},"loc":{"start":{"line":85,"column":35},"end":{"line":87,"column":null}},"line":85},"10":{"name":"(anonymous_10)","decl":{"start":{"line":89,"column":2},"end":{"line":89,"column":18}},"loc":{"start":{"line":89,"column":31},"end":{"line":100,"column":null}},"line":89},"11":{"name":"(anonymous_11)","decl":{"start":{"line":102,"column":2},"end":{"line":102,"column":21}},"loc":{"start":{"line":102,"column":34},"end":{"line":112,"column":null}},"line":102},"12":{"name":"(anonymous_12)","decl":{"start":{"line":114,"column":2},"end":{"line":114,"column":21}},"loc":{"start":{"line":114,"column":34},"end":{"line":124,"column":null}},"line":114},"13":{"name":"(anonymous_13)","decl":{"start":{"line":10,"column":25},"end":{"line":10,"column":null}},"loc":{"start":{"line":10,"column":25},"end":{"line":30,"column":null}},"line":10}},"branchMap":{"0":{"loc":{"start":{"line":57,"column":4},"end":{"line":59,"column":null}},"type":"if","locations":[{"start":{"line":57,"column":4},"end":{"line":59,"column":null}},{"start":{},"end":{}}],"line":57},"1":{"loc":{"start":{"line":63,"column":4},"end":{"line":82,"column":null}},"type":"if","locations":[{"start":{"line":63,"column":4},"end":{"line":82,"column":null}},{"start":{},"end":{}}],"line":63},"2":{"loc":{"start":{"line":63,"column":8},"end":{"line":63,"column":101}},"type":"binary-expr","locations":[{"start":{"line":63,"column":8},"end":{"line":63,"column":41}},{"start":{"line":63,"column":41},"end":{"line":63,"column":74}},{"start":{"line":63,"column":74},"end":{"line":63,"column":101}}],"line":63},"3":{"loc":{"start":{"line":64,"column":6},"end":{"line":81,"column":null}},"type":"if","locations":[{"start":{"line":64,"column":6},"end":{"line":81,"column":null}},{"start":{"line":78,"column":13},"end":{"line":81,"column":null}}],"line":64},"4":{"loc":{"start":{"line":94,"column":6},"end":{"line":96,"column":null}},"type":"if","locations":[{"start":{"line":94,"column":6},"end":{"line":96,"column":null}},{"start":{},"end":{}}],"line":94},"5":{"loc":{"start":{"line":106,"column":6},"end":{"line":108,"column":null}},"type":"if","locations":[{"start":{"line":106,"column":6},"end":{"line":108,"column":null}},{"start":{},"end":{}}],"line":106},"6":{"loc":{"start":{"line":118,"column":6},"end":{"line":120,"column":null}},"type":"if","locations":[{"start":{"line":118,"column":6},"end":{"line":120,"column":null}},{"start":{},"end":{}}],"line":118},"7":{"loc":{"start":{"line":10,"column":13},"end":{"line":10,"column":25}},"type":"binary-expr","locations":[{"start":{"line":10,"column":13},"end":{"line":10,"column":25}},{"start":{"line":10,"column":13},"end":{"line":10,"column":25}}],"line":10},"8":{"loc":{"start":{"line":10,"column":25},"end":{"line":40,"column":null}},"type":"if","locations":[{"start":{"line":10,"column":25},"end":{"line":40,"column":null}},{"start":{},"end":{}}],"line":10},"9":{"loc":{"start":{"line":10,"column":13},"end":{"line":8,"column":null}},"type":"binary-expr","locations":[{"start":{"line":10,"column":13},"end":{"line":10,"column":25}},{"start":{"line":10,"column":13},"end":{"line":10,"column":25}},{"start":{"line":10,"column":13},"end":{"line":8,"column":null}}],"line":10},"10":{"loc":{"start":{"line":10,"column":13},"end":{"line":10,"column":null}},"type":"binary-expr","locations":[{"start":{"line":10,"column":13},"end":{"line":10,"column":25}},{"start":{"line":10,"column":13},"end":{"line":10,"column":25}},{"start":{"line":10,"column":13},"end":{"line":10,"column":null}}],"line":10}},"s":{"0":1,"1":1,"2":19,"3":19,"4":19,"5":19,"6":19,"7":19,"8":19,"9":19,"10":19,"11":19,"12":18,"13":1,"14":19,"15":18,"16":1,"17":19,"18":18,"19":1,"20":3,"21":3,"22":1,"23":5,"24":4,"25":1,"26":1,"27":1,"28":1,"29":1,"30":1,"31":1,"32":1,"33":3,"34":3,"35":2,"36":2,"37":2,"38":2,"39":9,"40":5,"41":2,"42":2,"43":2,"44":2,"45":7,"46":4,"47":2,"48":2,"49":2,"50":2,"51":7,"52":3,"53":2,"54":1,"55":31,"56":1},"f":{"0":19,"1":18,"2":1,"3":18,"4":1,"5":18,"6":1,"7":3,"8":5,"9":2,"10":2,"11":2,"12":2,"13":1},"b":{"0":[1,2],"1":[4,1],"2":[5,4,4],"3":[1,3],"4":[5,4],"5":[4,3],"6":[3,4],"7":[19,19],"8":[19,12],"9":[1,1,1],"10":[1,1,1]},"meta":{"lastBranch":11,"lastFunction":14,"lastStatement":57,"seen":{"s:1:0:10:Infinity":0,"s:10:13:30:Infinity":1,"f:21:2:21:Infinity":0,"s:22:12:22:46":2,"s:11:2:11:Infinity":3,"s:12:2:12:Infinity":4,"s:13:2:13:Infinity":5,"s:14:2:14:Infinity":6,"s:15:2:15:Infinity":7,"s:17:2:17:Infinity":8,"s:18:2:18:Infinity":9,"s:19:2:19:Infinity":10,"s:25:4:31:Infinity":11,"f:26:6:26:17":1,"s:27:8:27:Infinity":12,"f:29:6:29:14":2,"s:30:8:30:Infinity":13,"s:35:4:41:Infinity":14,"f:36:6:36:17":3,"s:37:8:37:Infinity":15,"f:39:6:39:14":4,"s:40:8:40:Infinity":16,"s:45:4:51:Infinity":17,"f:46:6:46:17":5,"s:47:8:47:Infinity":18,"f:49:6:49:14":6,"s:50:8:50:Infinity":19,"f:55:2:55:15":7,"s:56:4:56:Infinity":20,"b:57:4:59:Infinity:undefined:undefined:undefined:undefined":0,"s:57:4:59:Infinity":21,"s:58:6:58:Infinity":22,"f:62:2:62:9":8,"b:63:4:82:Infinity:undefined:undefined:undefined:undefined":1,"s:63:4:82:Infinity":23,"b:63:8:63:41:63:41:63:74:63:74:63:101":2,"b:64:6:81:Infinity:78:13:81:Infinity":3,"s:64:6:81:Infinity":24,"s:65:8:65:Infinity":25,"s:66:18:66:Infinity":26,"s:67:23:67:Infinity":27,"s:68:8:68:Infinity":28,"s:69:8:69:Infinity":29,"s:72:8:72:Infinity":30,"s:75:8:75:Infinity":31,"s:77:8:77:Infinity":32,"s:79:8:79:Infinity":33,"s:80:8:80:Infinity":34,"f:85:2:85:20":9,"s:86:4:86:Infinity":35,"f:89:2:89:18":10,"s:91:16:91:Infinity":36,"s:93:4:97:Infinity":37,"s:93:17:93:20":38,"b:94:6:96:Infinity:undefined:undefined:undefined:undefined":4,"s:94:6:96:Infinity":39,"s:95:8:95:Infinity":40,"s:99:4:99:Infinity":41,"f:102:2:102:21":11,"s:103:16:103:Infinity":42,"s:105:4:109:Infinity":43,"s:105:17:105:20":44,"b:106:6:108:Infinity:undefined:undefined:undefined:undefined":5,"s:106:6:108:Infinity":45,"s:107:8:107:Infinity":46,"s:111:4:111:Infinity":47,"f:114:2:114:21":12,"s:115:16:115:Infinity":48,"s:117:4:121:Infinity":49,"s:117:17:117:20":50,"b:118:6:120:Infinity:undefined:undefined:undefined:undefined":6,"s:118:6:120:Infinity":51,"s:119:8:119:Infinity":52,"s:123:4:123:Infinity":53,"s:10:13:10:Infinity":54,"b:10:13:10:25:10:13:10:25":7,"f:10:25:10:Infinity":13,"b:10:25:40:Infinity:undefined:undefined:undefined:undefined":8,"s:10:25:40:Infinity":55,"s:10:13:8:Infinity":56,"b:10:13:10:25:10:13:10:25:10:13:8:Infinity":9,"b:10:13:10:25:10:13:10:25:10:13:10:Infinity":10}}}
,"C:\\Users\\ajime\\Documents\\Workspace\\clasificator-angular-nlp\\src\\app\\resources.service.ts": {"path":"C:\\Users\\ajime\\Documents\\Workspace\\clasificator-angular-nlp\\src\\app\\resources.service.ts","statementMap":{"0":{"start":{"line":1,"column":0},"end":{"line":7,"column":null}},"1":{"start":{"line":8,"column":13},"end":{"line":6,"column":null}},"2":{"start":{"line":10,"column":22},"end":{"line":10,"column":38}},"3":{"start":{"line":13,"column":4},"end":{"line":13,"column":null}},"4":{"start":{"line":17,"column":4},"end":{"line":17,"column":null}},"5":{"start":{"line":21,"column":4},"end":{"line":21,"column":null}},"6":{"start":{"line":8,"column":13},"end":{"line":8,"column":null}},"7":{"start":{"line":8,"column":13},"end":{"line":7,"column":null}}},"fnMap":{"0":{"name":"(anonymous_0)","decl":{"start":{"line":10,"column":2},"end":{"line":10,"column":22}},"loc":{"start":{"line":10,"column":38},"end":{"line":10,"column":null}},"line":10},"1":{"name":"(anonymous_1)","decl":{"start":{"line":12,"column":2},"end":{"line":12,"column":18}},"loc":{"start":{"line":12,"column":18},"end":{"line":14,"column":null}},"line":12},"2":{"name":"(anonymous_2)","decl":{"start":{"line":16,"column":2},"end":{"line":16,"column":18}},"loc":{"start":{"line":16,"column":18},"end":{"line":18,"column":null}},"line":16},"3":{"name":"(anonymous_3)","decl":{"start":{"line":20,"column":2},"end":{"line":20,"column":14}},"loc":{"start":{"line":20,"column":14},"end":{"line":22,"column":null}},"line":20}},"branchMap":{"0":{"loc":{"start":{"line":8,"column":13},"end":{"line":8,"column":29}},"type":"binary-expr","locations":[{"start":{"line":8,"column":13},"end":{"line":8,"column":29}},{"start":{"line":8,"column":13},"end":{"line":8,"column":29}}],"line":8},"1":{"loc":{"start":{"line":8,"column":13},"end":{"line":7,"column":null}},"type":"binary-expr","locations":[{"start":{"line":8,"column":13},"end":{"line":8,"column":29}},{"start":{"line":8,"column":13},"end":{"line":8,"column":29}},{"start":{"line":8,"column":13},"end":{"line":7,"column":null}}],"line":8}},"s":{"0":2,"1":2,"2":3,"3":1,"4":1,"5":1,"6":3,"7":2},"f":{"0":3,"1":1,"2":1,"3":1},"b":{"0":[3,3],"1":[2,2,2]},"meta":{"lastBranch":2,"lastFunction":4,"lastStatement":8,"seen":{"s:1:0:7:Infinity":0,"s:8:13:6:Infinity":1,"f:10:2:10:22":0,"s:10:22:10:38":2,"f:12:2:12:18":1,"s:13:4:13:Infinity":3,"f:16:2:16:18":2,"s:17:4:17:Infinity":4,"f:20:2:20:14":3,"s:21:4:21:Infinity":5,"s:8:13:8:Infinity":6,"b:8:13:8:29:8:13:8:29":0,"s:8:13:7:Infinity":7,"b:8:13:8:29:8:13:8:29:8:13:7:Infinity":1}}}
}
